
Showing logs for build [32mcb-kubecd-environment-pr-5485-7-whxbs-1[0m stage [32mmeta-pipeline[0m and container [32mstep-credential-initializer-t9h4b[0m
{"level":"warn","ts":1568454330.0727146,"logger":"fallback-logger","caller":"logging/config.go:69","msg":"Fetch GitHub commit ID from kodata failed: \"ref: refs/heads/master\" is not a valid GitHub commit ID"}
{"level":"info","ts":1568454330.0736363,"logger":"fallback-logger","caller":"creds-init/main.go:40","msg":"Credentials initialized."}

Showing logs for build [32mcb-kubecd-environment-pr-5485-7-whxbs-1[0m stage [32mmeta-pipeline[0m and container [32mstep-working-dir-initializer-phmqb[0m
{"level":"warn","ts":1568454330.4710224,"logger":"fallback-logger","caller":"logging/config.go:69","msg":"Fetch GitHub commit ID from kodata failed: open /var/run/ko/HEAD: no such file or directory"}
{"level":"info","ts":1568454330.4729395,"logger":"fallback-logger","caller":"bash/main.go:65","msg":"Successfully executed command \"mkdir -p /workspace/source\""}

Showing logs for build [32mcb-kubecd-environment-pr-5485-7-whxbs-1[0m stage [32mmeta-pipeline[0m and container [32mstep-place-tools[0m

Showing logs for build [32mcb-kubecd-environment-pr-5485-7-whxbs-1[0m stage [32mmeta-pipeline[0m and container [32mstep-git-source-meta-cb-kubecd-environment-pr-5-d95qv[0m
{"level":"warn","ts":1568454335.5915637,"logger":"fallback-logger","caller":"logging/config.go:69","msg":"Fetch GitHub commit ID from kodata failed: \"ref: refs/heads/master\" is not a valid GitHub commit ID"}
{"level":"info","ts":1568454336.6663902,"logger":"fallback-logger","caller":"git/git.go:102","msg":"Successfully cloned https://github.com/cb-kubecd/environment-pr-5485-7-tekton-gkebdd-staging.git @ 12e1e935ef81f4d7911f5ac8c44321d589821929 in path /workspace/source"}

Showing logs for build [32mcb-kubecd-environment-pr-5485-7-whxbs-1[0m stage [32mmeta-pipeline[0m and container [32mstep-git-merge[0m
Using SHAs from PULL_REFS=master:12e1e935ef81f4d7911f5ac8c44321d589821929,4:ac21abe9152fafc0780dcaa0b599ea489288594a
DEBUG: ran git fetch --unshallow origin ac21abe9152fafc0780dcaa0b599ea489288594a: 12e1e935ef81f4d7911f5ac8c44321d589821929: in 
DEBUG: ran git checkout master in 
DEBUG: ran git reset --hard 12e1e935ef81f4d7911f5ac8c44321d589821929 in 
DEBUG: ran clean --force -d . in 
DEBUG: ran git merge ac21abe9152fafc0780dcaa0b599ea489288594a in 
Merged SHA ac21abe9152fafc0780dcaa0b599ea489288594a with commit message 'chore: Promote bdd-ghf**y-import-1568454207 to version 0.0.1' into base branch master

Showing logs for build [32mcb-kubecd-environment-pr-5485-7-whxbs-1[0m stage [32mmeta-pipeline[0m and container [32mstep-merge-pull-refs[0m
DEBUG: ran git fetch origin ac21abe9152fafc0780dcaa0b599ea489288594a: 12e1e935ef81f4d7911f5ac8c44321d589821929: in 
DEBUG: Unshallowed git repo in 
DEBUG: ran git checkout master in 
DEBUG: ran git reset --hard 12e1e935ef81f4d7911f5ac8c44321d589821929 in 
DEBUG: ran clean --force -d . in 
DEBUG: ran git merge ac21abe9152fafc0780dcaa0b599ea489288594a in 
Merged SHA ac21abe9152fafc0780dcaa0b599ea489288594a with commit message 'chore: Promote bdd-ghf**y-import-1568454207 to version 0.0.1' into base branch master

Showing logs for build [32mcb-kubecd-environment-pr-5485-7-whxbs-1[0m stage [32mmeta-pipeline[0m and container [32mstep-create-effective-pipeline[0m
Deleting and cloning the Jenkins X versions repo
Cloning the Jenkins X versions repo https://github.com/jenkins-x/jenkins-x-versions.git with ref refs/heads/master to /builder/home/.**/jenkins-x-versions
selected pack: /builder/home/.**/draft/packs/github.com/jenkins-x-buildpacks/jenkins-x-kubernetes/packs/environment
Effective pipeline written to jenkins-x-promotion-build-effective.yml

Showing logs for build [32mcb-kubecd-environment-pr-5485-7-whxbs-1[0m stage [32mmeta-pipeline[0m and container [32mstep-create-tekton-crds[0m
PipelineActivity for cb-kubecd-environment-pr-5485-7-tekton-gkebdd-staging-PR-4-1
Applying changes 
upserted PipelineResource cb-kubecd-environment-pr-5485-7 for the git repository https://github.com/cb-kubecd/environment-pr-5485-7-tekton-gkebdd-staging.git
upserted Task cb-kubecd-environment-pr-5485-7-whxbs-from-build-pack-1
upserted Pipeline cb-kubecd-environment-pr-5485-7-whxbs-1
created PipelineRun cb-kubecd-environment-pr-5485-7-whxbs-1
created PipelineStructure cb-kubecd-environment-pr-5485-7-whxbs-1

Showing logs for build [32mcb-kubecd-environment-pr-5485-7-whxbs-1[0m stage [32mfrom-build-pack[0m and container [32mstep-credential-initializer-vnvzv[0m
{"level":"warn","ts":1568454350.7568579,"logger":"fallback-logger","caller":"logging/config.go:69","msg":"Fetch GitHub commit ID from kodata failed: \"ref: refs/heads/master\" is not a valid GitHub commit ID"}
{"level":"info","ts":1568454350.7574408,"logger":"fallback-logger","caller":"creds-init/main.go:40","msg":"Credentials initialized."}

Showing logs for build [32mcb-kubecd-environment-pr-5485-7-whxbs-1[0m stage [32mfrom-build-pack[0m and container [32mstep-working-dir-initializer-896qv[0m
{"level":"warn","ts":1568454351.7204974,"logger":"fallback-logger","caller":"logging/config.go:69","msg":"Fetch GitHub commit ID from kodata failed: open /var/run/ko/HEAD: no such file or directory"}
{"level":"info","ts":1568454351.7226694,"logger":"fallback-logger","caller":"bash/main.go:65","msg":"Successfully executed command \"mkdir -p /workspace/source /workspace/source/env\""}

Showing logs for build [32mcb-kubecd-environment-pr-5485-7-whxbs-1[0m stage [32mfrom-build-pack[0m and container [32mstep-place-tools[0m

Showing logs for build [32mcb-kubecd-environment-pr-5485-7-whxbs-1[0m stage [32mfrom-build-pack[0m and container [32mstep-git-source-cb-kubecd-environment-pr-5485-7-2p68q[0m
{"level":"warn","ts":1568454355.8298922,"logger":"fallback-logger","caller":"logging/config.go:69","msg":"Fetch GitHub commit ID from kodata failed: \"ref: refs/heads/master\" is not a valid GitHub commit ID"}
{"level":"info","ts":1568454356.8820472,"logger":"fallback-logger","caller":"git/git.go:102","msg":"Successfully cloned https://github.com/cb-kubecd/environment-pr-5485-7-tekton-gkebdd-staging.git @ master in path /workspace/source"}

Showing logs for build [32mcb-kubecd-environment-pr-5485-7-whxbs-1[0m stage [32mfrom-build-pack[0m and container [32mstep-git-merge[0m
Using SHAs from PULL_REFS=master:12e1e935ef81f4d7911f5ac8c44321d589821929,4:ac21abe9152fafc0780dcaa0b599ea489288594a
DEBUG: ran git fetch --unshallow origin ac21abe9152fafc0780dcaa0b599ea489288594a: 12e1e935ef81f4d7911f5ac8c44321d589821929: in 
DEBUG: ran git checkout master in 
DEBUG: ran git reset --hard 12e1e935ef81f4d7911f5ac8c44321d589821929 in 
DEBUG: ran clean --force -d . in 
DEBUG: ran git merge ac21abe9152fafc0780dcaa0b599ea489288594a in 
Merged SHA ac21abe9152fafc0780dcaa0b599ea489288594a with commit message 'chore: Promote bdd-ghf**y-import-1568454207 to version 0.0.1' into base branch master

Showing logs for build [32mcb-kubecd-environment-pr-5485-7-whxbs-1[0m stage [32mfrom-build-pack[0m and container [32mstep-build-helm-build[0m
WARNING: No $CHART_REPOSITORY defined so using the default value of: http://jenkins-x-chartmuseum:8080
Adding missing Helm repo: storage.googleapis.com https://storage.googleapis.com/chartmuseum.jenkins-x.io
Successfully added Helm repository storage.googleapis.com.
Adding missing Helm repo: jenkins-x-chartmuseum http://jenkins-x-chartmuseum:8080
Successfully added Helm repository jenkins-x-chartmuseum.
WARNING: No $CHART_REPOSITORY defined so using the default value of: http://jenkins-x-chartmuseum:8080
Adding missing Helm repo: chartmuseum.jenkins-x.io http://chartmuseum.jenkins-x.io
Successfully added Helm repository chartmuseum.jenkins-x.io.
