
Showing logs for build [32mcb-kubecd-environment-pr-5485-7-8hfmh-1[0m stage [32mmeta-pipeline[0m and container [32mstep-credential-initializer-78w8w[0m
{"level":"warn","ts":1568453292.8556583,"logger":"fallback-logger","caller":"logging/config.go:69","msg":"Fetch GitHub commit ID from kodata failed: \"ref: refs/heads/master\" is not a valid GitHub commit ID"}
{"level":"info","ts":1568453292.8563597,"logger":"fallback-logger","caller":"creds-init/main.go:40","msg":"Credentials initialized."}

Showing logs for build [32mcb-kubecd-environment-pr-5485-7-8hfmh-1[0m stage [32mmeta-pipeline[0m and container [32mstep-working-dir-initializer-jr8kx[0m
{"level":"warn","ts":1568453293.7622013,"logger":"fallback-logger","caller":"logging/config.go:69","msg":"Fetch GitHub commit ID from kodata failed: open /var/run/ko/HEAD: no such file or directory"}
{"level":"info","ts":1568453293.7635481,"logger":"fallback-logger","caller":"bash/main.go:65","msg":"Successfully executed command \"mkdir -p /workspace/source\""}

Showing logs for build [32mcb-kubecd-environment-pr-5485-7-8hfmh-1[0m stage [32mmeta-pipeline[0m and container [32mstep-place-tools[0m

Showing logs for build [32mcb-kubecd-environment-pr-5485-7-8hfmh-1[0m stage [32mmeta-pipeline[0m and container [32mstep-git-source-meta-cb-kubecd-environment-pr-5-trl5x[0m
{"level":"warn","ts":1568453299.8258657,"logger":"fallback-logger","caller":"logging/config.go:69","msg":"Fetch GitHub commit ID from kodata failed: \"ref: refs/heads/master\" is not a valid GitHub commit ID"}
{"level":"info","ts":1568453300.8663344,"logger":"fallback-logger","caller":"git/git.go:102","msg":"Successfully cloned https://github.com/cb-kubecd/environment-pr-5485-7-tekton-gkebdd-staging.git @ 9dabaa393fb618cad019df14f457843077f35f85 in path /workspace/source"}

Showing logs for build [32mcb-kubecd-environment-pr-5485-7-8hfmh-1[0m stage [32mmeta-pipeline[0m and container [32mstep-git-merge[0m
Using SHAs from PULL_REFS=master:9dabaa393fb618cad019df14f457843077f35f85,2:a2d415f201290ee5d1df44132a835825b8439766
DEBUG: ran git fetch --unshallow origin a2d415f201290ee5d1df44132a835825b8439766: 9dabaa393fb618cad019df14f457843077f35f85: in 
DEBUG: ran git checkout master in 
DEBUG: ran git reset --hard 9dabaa393fb618cad019df14f457843077f35f85 in 
DEBUG: ran clean --force -d . in 
DEBUG: ran git merge a2d415f201290ee5d1df44132a835825b8439766 in 
Merged SHA a2d415f201290ee5d1df44132a835825b8439766 with commit message 'chore: Promote bdd-gh-1568453177 to version 0.0.1' into base branch master

Showing logs for build [32mcb-kubecd-environment-pr-5485-7-8hfmh-1[0m stage [32mmeta-pipeline[0m and container [32mstep-merge-pull-refs[0m
DEBUG: ran git fetch origin a2d415f201290ee5d1df44132a835825b8439766: 9dabaa393fb618cad019df14f457843077f35f85: in 
DEBUG: Unshallowed git repo in 
DEBUG: ran git checkout master in 
DEBUG: ran git reset --hard 9dabaa393fb618cad019df14f457843077f35f85 in 
DEBUG: ran clean --force -d . in 
DEBUG: ran git merge a2d415f201290ee5d1df44132a835825b8439766 in 
Merged SHA a2d415f201290ee5d1df44132a835825b8439766 with commit message 'chore: Promote bdd-gh-1568453177 to version 0.0.1' into base branch master

Showing logs for build [32mcb-kubecd-environment-pr-5485-7-8hfmh-1[0m stage [32mmeta-pipeline[0m and container [32mstep-create-effective-pipeline[0m
Deleting and cloning the Jenkins X versions repo
Cloning the Jenkins X versions repo https://github.com/jenkins-x/jenkins-x-versions.git with ref refs/heads/master to /builder/home/.**/jenkins-x-versions
selected pack: /builder/home/.**/draft/packs/github.com/jenkins-x-buildpacks/jenkins-x-kubernetes/packs/environment
Effective pipeline written to jenkins-x-promotion-build-effective.yml

Showing logs for build [32mcb-kubecd-environment-pr-5485-7-8hfmh-1[0m stage [32mmeta-pipeline[0m and container [32mstep-create-tekton-crds[0m
PipelineActivity for cb-kubecd-environment-pr-5485-7-tekton-gkebdd-staging-PR-2-1
Applying changes 
upserted PipelineResource cb-kubecd-environment-pr-5485-7 for the git repository https://github.com/cb-kubecd/environment-pr-5485-7-tekton-gkebdd-staging.git
upserted Task cb-kubecd-environment-pr-5485-7-8hfmh-from-build-pack-1
upserted Pipeline cb-kubecd-environment-pr-5485-7-8hfmh-1
created PipelineRun cb-kubecd-environment-pr-5485-7-8hfmh-1
created PipelineStructure cb-kubecd-environment-pr-5485-7-8hfmh-1

Showing logs for build [32mcb-kubecd-environment-pr-5485-7-8hfmh-1[0m stage [32mfrom-build-pack[0m and container [32mstep-credential-initializer-wfh8j[0m
{"level":"warn","ts":1568453314.7391179,"logger":"fallback-logger","caller":"logging/config.go:69","msg":"Fetch GitHub commit ID from kodata failed: \"ref: refs/heads/master\" is not a valid GitHub commit ID"}
{"level":"info","ts":1568453314.7405055,"logger":"fallback-logger","caller":"creds-init/main.go:40","msg":"Credentials initialized."}

Showing logs for build [32mcb-kubecd-environment-pr-5485-7-8hfmh-1[0m stage [32mfrom-build-pack[0m and container [32mstep-working-dir-initializer-df2p4[0m
{"level":"warn","ts":1568453315.2421923,"logger":"fallback-logger","caller":"logging/config.go:69","msg":"Fetch GitHub commit ID from kodata failed: open /var/run/ko/HEAD: no such file or directory"}
{"level":"info","ts":1568453315.24507,"logger":"fallback-logger","caller":"bash/main.go:65","msg":"Successfully executed command \"mkdir -p /workspace/source /workspace/source/env\""}

Showing logs for build [32mcb-kubecd-environment-pr-5485-7-8hfmh-1[0m stage [32mfrom-build-pack[0m and container [32mstep-place-tools[0m

Showing logs for build [32mcb-kubecd-environment-pr-5485-7-8hfmh-1[0m stage [32mfrom-build-pack[0m and container [32mstep-git-source-cb-kubecd-environment-pr-5485-7-9frxb[0m
{"level":"warn","ts":1568453321.347294,"logger":"fallback-logger","caller":"logging/config.go:69","msg":"Fetch GitHub commit ID from kodata failed: \"ref: refs/heads/master\" is not a valid GitHub commit ID"}
{"level":"info","ts":1568453322.4685292,"logger":"fallback-logger","caller":"git/git.go:102","msg":"Successfully cloned https://github.com/cb-kubecd/environment-pr-5485-7-tekton-gkebdd-staging.git @ master in path /workspace/source"}

Showing logs for build [32mcb-kubecd-environment-pr-5485-7-8hfmh-1[0m stage [32mfrom-build-pack[0m and container [32mstep-git-merge[0m
Using SHAs from PULL_REFS=master:9dabaa393fb618cad019df14f457843077f35f85,2:a2d415f201290ee5d1df44132a835825b8439766
DEBUG: ran git fetch --unshallow origin a2d415f201290ee5d1df44132a835825b8439766: 9dabaa393fb618cad019df14f457843077f35f85: in 
DEBUG: ran git checkout master in 
DEBUG: ran git reset --hard 9dabaa393fb618cad019df14f457843077f35f85 in 
DEBUG: ran clean --force -d . in 
DEBUG: ran git merge a2d415f201290ee5d1df44132a835825b8439766 in 
Merged SHA a2d415f201290ee5d1df44132a835825b8439766 with commit message 'chore: Promote bdd-gh-1568453177 to version 0.0.1' into base branch master

Showing logs for build [32mcb-kubecd-environment-pr-5485-7-8hfmh-1[0m stage [32mfrom-build-pack[0m and container [32mstep-build-helm-build[0m
WARNING: No $CHART_REPOSITORY defined so using the default value of: http://jenkins-x-chartmuseum:8080
Adding missing Helm repo: storage.googleapis.com https://storage.googleapis.com/chartmuseum.jenkins-x.io
Successfully added Helm repository storage.googleapis.com.
Adding missing Helm repo: jenkins-x-chartmuseum http://jenkins-x-chartmuseum:8080
Successfully added Helm repository jenkins-x-chartmuseum.
WARNING: No $CHART_REPOSITORY defined so using the default value of: http://jenkins-x-chartmuseum:8080
Adding missing Helm repo: chartmuseum.jenkins-x.io http://chartmuseum.jenkins-x.io
Successfully added Helm repository chartmuseum.jenkins-x.io.
