
Showing logs for build [32mcb-kubecd-environment-pr-5485-7-1[0m stage [32mmeta-pipeline[0m and container [32mstep-credential-initializer-pbj68[0m
{"level":"warn","ts":1568452582.9775224,"logger":"fallback-logger","caller":"logging/config.go:69","msg":"Fetch GitHub commit ID from kodata failed: \"ref: refs/heads/master\" is not a valid GitHub commit ID"}
{"level":"info","ts":1568452582.9784627,"logger":"fallback-logger","caller":"creds-init/main.go:40","msg":"Credentials initialized."}

Showing logs for build [32mcb-kubecd-environment-pr-5485-7-1[0m stage [32mmeta-pipeline[0m and container [32mstep-working-dir-initializer-wbp9x[0m
{"level":"warn","ts":1568452583.8358362,"logger":"fallback-logger","caller":"logging/config.go:69","msg":"Fetch GitHub commit ID from kodata failed: open /var/run/ko/HEAD: no such file or directory"}
{"level":"info","ts":1568452583.8379703,"logger":"fallback-logger","caller":"bash/main.go:65","msg":"Successfully executed command \"mkdir -p /workspace/source\""}

Showing logs for build [32mcb-kubecd-environment-pr-5485-7-1[0m stage [32mmeta-pipeline[0m and container [32mstep-place-tools[0m

Showing logs for build [32mcb-kubecd-environment-pr-5485-7-1[0m stage [32mmeta-pipeline[0m and container [32mstep-git-source-meta-cb-kubecd-environment-pr-5-bpnn2[0m
{"level":"warn","ts":1568452587.9642286,"logger":"fallback-logger","caller":"logging/config.go:69","msg":"Fetch GitHub commit ID from kodata failed: \"ref: refs/heads/master\" is not a valid GitHub commit ID"}
{"level":"info","ts":1568452589.0146022,"logger":"fallback-logger","caller":"git/git.go:102","msg":"Successfully cloned https://github.com/cb-kubecd/environment-pr-5485-7-tekton-gkebdd-staging.git @ 30d18d0a88f5644bf78f333b614dac4bed0ae48e in path /workspace/source"}

Showing logs for build [32mcb-kubecd-environment-pr-5485-7-1[0m stage [32mmeta-pipeline[0m and container [32mstep-git-merge[0m
Using SHAs from PULL_REFS=master:30d18d0a88f5644bf78f333b614dac4bed0ae48e,1:f8afec6e7f8a0be3f9b1a8f8000b9e8d51b9f1e7
DEBUG: ran git fetch --unshallow origin f8afec6e7f8a0be3f9b1a8f8000b9e8d51b9f1e7: 30d18d0a88f5644bf78f333b614dac4bed0ae48e: in 
DEBUG: ran git checkout master in 
DEBUG: ran git reset --hard 30d18d0a88f5644bf78f333b614dac4bed0ae48e in 
DEBUG: ran clean --force -d . in 
DEBUG: ran git merge f8afec6e7f8a0be3f9b1a8f8000b9e8d51b9f1e7 in 
Merged SHA f8afec6e7f8a0be3f9b1a8f8000b9e8d51b9f1e7 with commit message 'chore: Promote bdd-spring-1568452331 to version 0.0.1' into base branch master

Showing logs for build [32mcb-kubecd-environment-pr-5485-7-1[0m stage [32mmeta-pipeline[0m and container [32mstep-merge-pull-refs[0m
DEBUG: ran git fetch origin f8afec6e7f8a0be3f9b1a8f8000b9e8d51b9f1e7: 30d18d0a88f5644bf78f333b614dac4bed0ae48e: in 
DEBUG: Unshallowed git repo in 
DEBUG: ran git checkout master in 
DEBUG: ran git reset --hard 30d18d0a88f5644bf78f333b614dac4bed0ae48e in 
DEBUG: ran clean --force -d . in 
DEBUG: ran git merge f8afec6e7f8a0be3f9b1a8f8000b9e8d51b9f1e7 in 
Merged SHA f8afec6e7f8a0be3f9b1a8f8000b9e8d51b9f1e7 with commit message 'chore: Promote bdd-spring-1568452331 to version 0.0.1' into base branch master

Showing logs for build [32mcb-kubecd-environment-pr-5485-7-1[0m stage [32mmeta-pipeline[0m and container [32mstep-create-effective-pipeline[0m
Deleting and cloning the Jenkins X versions repo
Cloning the Jenkins X versions repo https://github.com/jenkins-x/jenkins-x-versions.git with ref refs/heads/master to /builder/home/.**/jenkins-x-versions
selected pack: /builder/home/.**/draft/packs/github.com/jenkins-x-buildpacks/jenkins-x-kubernetes/packs/environment
Effective pipeline written to jenkins-x-promotion-build-effective.yml

Showing logs for build [32mcb-kubecd-environment-pr-5485-7-1[0m stage [32mmeta-pipeline[0m and container [32mstep-create-tekton-crds[0m
PipelineActivity for cb-kubecd-environment-pr-5485-7-tekton-gkebdd-staging-PR-1-1
Applying changes 
upserted PipelineResource cb-kubecd-environment-pr-5485-7 for the git repository https://github.com/cb-kubecd/environment-pr-5485-7-tekton-gkebdd-staging.git
upserted Task cb-kubecd-environment-pr-5485-7-from-build-pack-1
upserted Pipeline cb-kubecd-environment-pr-5485-7-1
created PipelineRun cb-kubecd-environment-pr-5485-7-1
created PipelineStructure cb-kubecd-environment-pr-5485-7-1

Showing logs for build [32mcb-kubecd-environment-pr-5485-7-1[0m stage [32mfrom-build-pack[0m and container [32mstep-credential-initializer-zjcm6[0m
{"level":"warn","ts":1568452603.1457,"logger":"fallback-logger","caller":"logging/config.go:69","msg":"Fetch GitHub commit ID from kodata failed: \"ref: refs/heads/master\" is not a valid GitHub commit ID"}
{"level":"info","ts":1568452603.1468387,"logger":"fallback-logger","caller":"creds-init/main.go:40","msg":"Credentials initialized."}

Showing logs for build [32mcb-kubecd-environment-pr-5485-7-1[0m stage [32mfrom-build-pack[0m and container [32mstep-working-dir-initializer-m2lsc[0m
{"level":"warn","ts":1568452604.0420115,"logger":"fallback-logger","caller":"logging/config.go:69","msg":"Fetch GitHub commit ID from kodata failed: open /var/run/ko/HEAD: no such file or directory"}
{"level":"info","ts":1568452604.0458505,"logger":"fallback-logger","caller":"bash/main.go:65","msg":"Successfully executed command \"mkdir -p /workspace/source /workspace/source/env\""}

Showing logs for build [32mcb-kubecd-environment-pr-5485-7-1[0m stage [32mfrom-build-pack[0m and container [32mstep-place-tools[0m

Showing logs for build [32mcb-kubecd-environment-pr-5485-7-1[0m stage [32mfrom-build-pack[0m and container [32mstep-git-source-cb-kubecd-environment-pr-5485-7-kz4sl[0m
{"level":"warn","ts":1568452677.6837246,"logger":"fallback-logger","caller":"logging/config.go:69","msg":"Fetch GitHub commit ID from kodata failed: \"ref: refs/heads/master\" is not a valid GitHub commit ID"}
{"level":"info","ts":1568452678.7506452,"logger":"fallback-logger","caller":"git/git.go:102","msg":"Successfully cloned https://github.com/cb-kubecd/environment-pr-5485-7-tekton-gkebdd-staging.git @ master in path /workspace/source"}

Showing logs for build [32mcb-kubecd-environment-pr-5485-7-1[0m stage [32mfrom-build-pack[0m and container [32mstep-git-merge[0m
Using SHAs from PULL_REFS=master:30d18d0a88f5644bf78f333b614dac4bed0ae48e,1:f8afec6e7f8a0be3f9b1a8f8000b9e8d51b9f1e7
DEBUG: ran git fetch origin f8afec6e7f8a0be3f9b1a8f8000b9e8d51b9f1e7: 30d18d0a88f5644bf78f333b614dac4bed0ae48e: in 
DEBUG: Unshallowed git repo in 
DEBUG: ran git checkout master in 
DEBUG: ran git reset --hard 30d18d0a88f5644bf78f333b614dac4bed0ae48e in 
DEBUG: ran clean --force -d . in 
DEBUG: ran git merge f8afec6e7f8a0be3f9b1a8f8000b9e8d51b9f1e7 in 
Merged SHA f8afec6e7f8a0be3f9b1a8f8000b9e8d51b9f1e7 with commit message 'chore: Promote bdd-spring-1568452331 to version 0.0.1' into base branch master

Showing logs for build [32mcb-kubecd-environment-pr-5485-7-1[0m stage [32mfrom-build-pack[0m and container [32mstep-build-helm-build[0m
WARNING: No $CHART_REPOSITORY defined so using the default value of: http://jenkins-x-chartmuseum:8080
Adding missing Helm repo: storage.googleapis.com https://storage.googleapis.com/chartmuseum.jenkins-x.io
Successfully added Helm repository storage.googleapis.com.
Adding missing Helm repo: jenkins-x-chartmuseum http://jenkins-x-chartmuseum:8080
Successfully added Helm repository jenkins-x-chartmuseum.
WARNING: No $CHART_REPOSITORY defined so using the default value of: http://jenkins-x-chartmuseum:8080
Adding missing Helm repo: chartmuseum.jenkins-x.io http://chartmuseum.jenkins-x.io
Successfully added Helm repository chartmuseum.jenkins-x.io.
